nohup: ignoring input
2017-04-12 12:28:26.820+0000 INFO  ======== Neo4j 3.1.3 ========
2017-04-12 12:28:26.848+0000 INFO  Starting...
2017-04-12 12:28:28.002+0000 INFO  Bolt enabled on localhost:6998.
2017-04-12 12:28:28.946+0000 ERROR Failed to start Neo4j: Starting Neo4j failed: Component 'org.neo4j.server.database.LifecycleManagingDatabase@5ff5d477' was successfully initialized, but failed to start. Please see attached cause exception. Starting Neo4j failed: Component 'org.neo4j.server.database.LifecycleManagingDatabase@5ff5d477' was successfully initialized, but failed to start. Please see attached cause exception.
org.neo4j.server.ServerStartupException: Starting Neo4j failed: Component 'org.neo4j.server.database.LifecycleManagingDatabase@5ff5d477' was successfully initialized, but failed to start. Please see attached cause exception.
	at org.neo4j.server.exception.ServerStartupErrors.translateToServerStartupError(ServerStartupErrors.java:68)
	at org.neo4j.server.AbstractNeoServer.start(AbstractNeoServer.java:230)
	at org.neo4j.server.ServerBootstrapper.start(ServerBootstrapper.java:91)
	at org.neo4j.server.ServerBootstrapper.start(ServerBootstrapper.java:68)
	at org.neo4j.server.CommunityEntryPoint.main(CommunityEntryPoint.java:28)
Caused by: org.neo4j.kernel.lifecycle.LifecycleException: Component 'org.neo4j.server.database.LifecycleManagingDatabase@5ff5d477' was successfully initialized, but failed to start. Please see attached cause exception.
	at org.neo4j.kernel.lifecycle.LifeSupport$LifecycleInstance.start(LifeSupport.java:443)
	at org.neo4j.kernel.lifecycle.LifeSupport.start(LifeSupport.java:107)
	at org.neo4j.server.AbstractNeoServer.start(AbstractNeoServer.java:202)
	... 3 more
Caused by: java.lang.RuntimeException: Error starting org.neo4j.kernel.impl.factory.GraphDatabaseFacadeFactory, /root/Desktop/share_portal_app/db/neo4j/development/data/databases/graph.db
	at org.neo4j.kernel.impl.factory.GraphDatabaseFacadeFactory.initFacade(GraphDatabaseFacadeFactory.java:199)
	at org.neo4j.kernel.impl.factory.GraphDatabaseFacadeFactory.newFacade(GraphDatabaseFacadeFactory.java:130)
	at org.neo4j.server.CommunityNeoServer.lambda$static$0(CommunityNeoServer.java:57)
	at org.neo4j.server.database.LifecycleManagingDatabase.start(LifecycleManagingDatabase.java:89)
	at org.neo4j.kernel.lifecycle.LifeSupport$LifecycleInstance.start(LifeSupport.java:433)
	... 5 more
Caused by: org.neo4j.kernel.lifecycle.LifecycleException: Component 'org.neo4j.bolt.transport.NettyServer@36858088' was successfully initialized, but failed to start. Please see attached cause exception.
	at org.neo4j.kernel.lifecycle.LifeSupport$LifecycleInstance.start(LifeSupport.java:443)
	at org.neo4j.kernel.lifecycle.LifeSupport.start(LifeSupport.java:107)
	at org.neo4j.kernel.lifecycle.LifeSupport$LifecycleInstance.start(LifeSupport.java:433)
	at org.neo4j.kernel.lifecycle.LifeSupport.start(LifeSupport.java:107)
	at org.neo4j.kernel.extension.KernelExtensions.start(KernelExtensions.java:86)
	at org.neo4j.kernel.lifecycle.LifeSupport$LifecycleInstance.start(LifeSupport.java:433)
	at org.neo4j.kernel.lifecycle.LifeSupport.start(LifeSupport.java:107)
	at org.neo4j.kernel.impl.factory.GraphDatabaseFacadeFactory.initFacade(GraphDatabaseFacadeFactory.java:195)
	... 9 more
Caused by: org.neo4j.helpers.PortBindException: Address localhost:6998 is already in use, cannot bind to it.
	at sun.nio.ch.Net.bind0(Native Method)
	at sun.nio.ch.Net.bind(Net.java:433)
	at sun.nio.ch.Net.bind(Net.java:425)
	at sun.nio.ch.ServerSocketChannelImpl.bind(ServerSocketChannelImpl.java:223)
	at io.netty.channel.socket.nio.NioServerSocketChannel.doBind(NioServerSocketChannel.java:128)
	at io.netty.channel.AbstractChannel$AbstractUnsafe.bind(AbstractChannel.java:554)
	at io.netty.channel.DefaultChannelPipeline$HeadContext.bind(DefaultChannelPipeline.java:1258)
	at io.netty.channel.AbstractChannelHandlerContext.invokeBind(AbstractChannelHandlerContext.java:502)
	at io.netty.channel.AbstractChannelHandlerContext.bind(AbstractChannelHandlerContext.java:487)
	at io.netty.channel.DefaultChannelPipeline.bind(DefaultChannelPipeline.java:980)
	at io.netty.channel.AbstractChannel.bind(AbstractChannel.java:250)
	at io.netty.bootstrap.AbstractBootstrap$2.run(AbstractBootstrap.java:365)
	at io.netty.util.concurrent.AbstractEventExecutor.safeExecute(AbstractEventExecutor.java:163)
	at io.netty.util.concurrent.SingleThreadEventExecutor.runAllTasks(SingleThreadEventExecutor.java:403)
	at io.netty.channel.nio.NioEventLoop.run(NioEventLoop.java:445)
	at io.netty.util.concurrent.SingleThreadEventExecutor$5.run(SingleThreadEventExecutor.java:858)
	at java.lang.Thread.run(Thread.java:745)
nohup: ignoring input
2017-04-12 12:29:32.281+0000 INFO  ======== Neo4j 3.1.3 ========
2017-04-12 12:29:32.308+0000 INFO  Starting...
2017-04-12 12:29:33.008+0000 INFO  Bolt enabled on localhost:7472.
2017-04-12 12:29:35.034+0000 INFO  Started.
2017-04-12 12:29:35.924+0000 INFO  Remote interface available at http://localhost:7474/
2017-04-17 04:42:25.609+0000 INFO  Neo4j Server shutdown initiated by request
2017-04-17 04:42:25.633+0000 INFO  Stopping...
2017-04-17 04:42:25.682+0000 INFO  Stopped.
nohup: ignoring input
2017-04-17 04:43:23.537+0000 INFO  ======== Neo4j 3.1.3 ========
2017-04-17 04:43:23.565+0000 INFO  Starting...
2017-04-17 04:43:24.271+0000 INFO  Bolt enabled on localhost:7472.
2017-04-17 04:43:26.488+0000 INFO  Started.
2017-04-17 04:43:27.375+0000 INFO  Remote interface available at http://localhost:7474/
2017-04-17 04:43:56.820+0000 INFO  Neo4j Server shutdown initiated by request
2017-04-17 04:43:56.833+0000 INFO  Stopping...
2017-04-17 04:43:56.900+0000 INFO  Stopped.
nohup: ignoring input
2017-04-17 04:49:53.640+0000 INFO  ======== Neo4j 3.1.3 ========
2017-04-17 04:49:53.668+0000 INFO  Starting...
2017-04-17 04:49:54.324+0000 INFO  Bolt enabled on localhost:7472.
2017-04-17 04:49:56.636+0000 INFO  Started.
2017-04-17 04:49:57.567+0000 INFO  Remote interface available at http://localhost:7474/
